# JRE version: Java(TM) SE Runtime Environment (18.0+36) (build 18+36-2087)
# Java VM: Java HotSpot(TM) 64-Bit Server VM (18+36-2087, mixed mode, sharing, tiered, compressed oops, compressed class ptrs, g1 gc, windows-amd64)
GC Precious Log:
 CardTable entry size: 512
 Card Set container configuration: InlinePtr #cards 5 size 8 Array Of Cards #cards 12 size 40 Howl #buckets 4 coarsen threshold 1843 Howl Bitmap #cards 512 size 80 coarsen threshold 460 Card regions per heap region 1 cards per card region 2048
 CPUs: 8 total, 8 available
 Memory: 7894M
 Large Page Support: Disabled
 NUMA Support: Disabled
 Compressed Oops: Enabled (32-bit)
 Heap Region Size: 1M
 Heap Min Capacity: 8M
 Heap Initial Capacity: 124M
 Heap Max Capacity: 1974M
 Pre-touch: Disabled
 Parallel Workers: 8
 Concurrent Workers: 2
 Concurrent Refinement Workers: 8
 Periodic GC: Disabled
Heap:
 garbage-first heap   total 183296K, used 15756K [0x0000000084a00000, 0x0000000100000000)
  region size 1024K, 9 young (9216K), 9 survivors (9216K)
 Metaspace       used 9360K, committed 9536K, reserved 1114112K
  class space    used 1448K, committed 1536K, reserved 1048576K
GC Heap History (20 events):
Event: 1.229 GC heap after
{Heap after GC invocations=6 (full 0):
 garbage-first heap   total 126976K, used 7407K [0x0000000084a00000, 0x0000000100000000)
  region size 1024K, 3 young (3072K), 3 survivors (3072K)
 Metaspace       used 2889K, committed 3072K, reserved 1114112K
  class space    used 249K, committed 320K, reserved 1048576K
}
Event: 1.388 GC heap before
{Heap before GC invocations=6 (full 0):
 garbage-first heap   total 126976K, used 80111K [0x0000000084a00000, 0x0000000100000000)
  region size 1024K, 74 young (75776K), 3 survivors (3072K)
 Metaspace       used 2894K, committed 3072K, reserved 1114112K
  class space    used 249K, committed 320K, reserved 1048576K
}
Event: 1.392 GC heap after
{Heap after GC invocations=7 (full 0):
 garbage-first heap   total 152576K, used 7941K [0x0000000084a00000, 0x0000000100000000)
  region size 1024K, 4 young (4096K), 4 survivors (4096K)
 Metaspace       used 2894K, committed 3072K, reserved 1114112K
  class space    used 249K, committed 320K, reserved 1048576K
}
Event: 1.585 GC heap before
{Heap before GC invocations=7 (full 0):
 garbage-first heap   total 152576K, used 94981K [0x0000000084a00000, 0x0000000100000000)
  region size 1024K, 89 young (91136K), 4 survivors (4096K)
 Metaspace       used 2905K, committed 3072K, reserved 1114112K
  class space    used 249K, committed 320K, reserved 1048576K
}
Event: 1.588 GC heap after
{Heap after GC invocations=8 (full 0):
 garbage-first heap   total 152576K, used 8656K [0x0000000084a00000, 0x0000000100000000)
  region size 1024K, 4 young (4096K), 4 survivors (4096K)
 Metaspace       used 2905K, committed 3072K, reserved 1114112K
  class space    used 249K, committed 320K, reserved 1048576K
}
Event: 1.761 GC heap before
{Heap before GC invocations=8 (full 0):
 garbage-first heap   total 152576K, used 95696K [0x0000000084a00000, 0x0000000100000000)
  region size 1024K, 89 young (91136K), 4 survivors (4096K)
 Metaspace       used 2920K, committed 3072K, reserved 1114112K
  class space    used 249K, committed 320K, reserved 1048576K
}
Event: 1.764 GC heap after
{Heap after GC invocations=9 (full 0):
 garbage-first heap   total 152576K, used 9662K [0x0000000084a00000, 0x0000000100000000)
  region size 1024K, 5 young (5120K), 5 survivors (5120K)
 Metaspace       used 2920K, committed 3072K, reserved 1114112K
  class space    used 249K, committed 320K, reserved 1048576K
}
Event: 2.419 GC heap before
{Heap before GC invocations=9 (full 0):
 garbage-first heap   total 152576K, used 95678K [0x0000000084a00000, 0x0000000100000000)
  region size 1024K, 89 young (91136K), 5 survivors (5120K)
 Metaspace       used 9330K, committed 9536K, reserved 1114112K
  class space    used 1448K, committed 1536K, reserved 1048576K
}
Event: 2.422 GC heap after
{Heap after GC invocations=10 (full 0):
 garbage-first heap   total 152576K, used 11636K [0x0000000084a00000, 0x0000000100000000)
  region size 1024K, 7 young (7168K), 7 survivors (7168K)
 Metaspace       used 9330K, committed 9536K, reserved 1114112K
  class space    used 1448K, committed 1536K, reserved 1048576K
}
Event: 2.576 GC heap before
{Heap before GC invocations=10 (full 0):
 garbage-first heap   total 152576K, used 95604K [0x0000000084a00000, 0x0000000100000000)
  region size 1024K, 89 young (91136K), 7 survivors (7168K)
 Metaspace       used 9331K, committed 9536K, reserved 1114112K
  class space    used 1448K, committed 1536K, reserved 1048576K
}
Event: 2.579 GC heap after
{Heap after GC invocations=11 (full 0):
 garbage-first heap   total 152576K, used 12117K [0x0000000084a00000, 0x0000000100000000)
  region size 1024K, 7 young (7168K), 7 survivors (7168K)
 Metaspace       used 9331K, committed 9536K, reserved 1114112K
  class space    used 1448K, committed 1536K, reserved 1048576K
}
Event: 2.724 GC heap before
{Heap before GC invocations=11 (full 0):
 garbage-first heap   total 152576K, used 96085K [0x0000000084a00000, 0x0000000100000000)
  region size 1024K, 89 young (91136K), 7 survivors (7168K)
 Metaspace       used 9331K, committed 9536K, reserved 1114112K
  class space    used 1448K, committed 1536K, reserved 1048576K
}
Event: 2.728 GC heap after
{Heap after GC invocations=12 (full 0):
 garbage-first heap   total 183296K, used 12542K [0x0000000084a00000, 0x0000000100000000)
  region size 1024K, 7 young (7168K), 7 survivors (7168K)
 Metaspace       used 9331K, committed 9536K, reserved 1114112K
  class space    used 1448K, committed 1536K, reserved 1048576K
}
Event: 2.908 GC heap before
{Heap before GC invocations=12 (full 0):
 garbage-first heap   total 183296K, used 114942K [0x0000000084a00000, 0x0000000100000000)
  region size 1024K, 107 young (109568K), 7 survivors (7168K)
 Metaspace       used 9340K, committed 9536K, reserved 1114112K
  class space    used 1448K, committed 1536K, reserved 1048576K
}
Event: 2.912 GC heap after
{Heap after GC invocations=13 (full 0):
 garbage-first heap   total 183296K, used 13258K [0x0000000084a00000, 0x0000000100000000)
  region size 1024K, 7 young (7168K), 7 survivors (7168K)
 Metaspace       used 9340K, committed 9536K, reserved 1114112K
  class space    used 1448K, committed 1536K, reserved 1048576K
}
Event: 3.104 GC heap before
{Heap before GC invocations=13 (full 0):
 garbage-first heap   total 183296K, used 115658K [0x0000000084a00000, 0x0000000100000000)
  region size 1024K, 107 young (109568K), 7 survivors (7168K)
 Metaspace       used 9345K, committed 9536K, reserved 1114112K
  class space    used 1448K, committed 1536K, reserved 1048576K
}
Event: 3.108 GC heap after
{Heap after GC invocations=14 (full 0):
 garbage-first heap   total 183296K, used 14250K [0x0000000084a00000, 0x0000000100000000)
  region size 1024K, 8 young (8192K), 8 survivors (8192K)
 Metaspace       used 9345K, committed 9536K, reserved 1114112K
  class space    used 1448K, committed 1536K, reserved 1048576K
}
Event: 3.305 GC heap before
{Heap before GC invocations=14 (full 0):
 garbage-first heap   total 183296K, used 115626K [0x0000000084a00000, 0x0000000100000000)
  region size 1024K, 107 young (109568K), 8 survivors (8192K)
 Metaspace       used 9359K, committed 9536K, reserved 1114112K
  class space    used 1448K, committed 1536K, reserved 1048576K
}
Event: 3.312 GC heap after
{Heap after GC invocations=15 (full 0):
 garbage-first heap   total 183296K, used 15205K [0x0000000084a00000, 0x0000000100000000)
  region size 1024K, 9 young (9216K), 9 survivors (9216K)
 Metaspace       used 9359K, committed 9536K, reserved 1114112K
  class space    used 1448K, committed 1536K, reserved 1048576K
}
Event: 3.534 GC heap before
{Heap before GC invocations=15 (full 0):
 garbage-first heap   total 183296K, used 115557K [0x0000000084a00000, 0x0000000100000000)
  region size 1024K, 107 young (109568K), 9 survivors (9216K)
 Metaspace       used 9360K, committed 9536K, reserved 1114112K
  class space    used 1448K, committed 1536K, reserved 1048576K
}

