# JRE version: Java(TM) SE Runtime Environment (18.0+36) (build 18+36-2087)
# Java VM: Java HotSpot(TM) 64-Bit Server VM (18+36-2087, mixed mode, sharing, tiered, compressed oops, compressed class ptrs, g1 gc, windows-amd64)
GC Precious Log:
 CardTable entry size: 512
 Card Set container configuration: InlinePtr #cards 5 size 8 Array Of Cards #cards 12 size 40 Howl #buckets 4 coarsen threshold 1843 Howl Bitmap #cards 512 size 80 coarsen threshold 460 Card regions per heap region 1 cards per card region 2048
 CPUs: 8 total, 8 available
 Memory: 7894M
 Large Page Support: Disabled
 NUMA Support: Disabled
 Compressed Oops: Enabled (32-bit)
 Heap Region Size: 1M
 Heap Min Capacity: 8M
 Heap Initial Capacity: 124M
 Heap Max Capacity: 1974M
 Pre-touch: Disabled
 Parallel Workers: 8
 Concurrent Workers: 2
 Concurrent Refinement Workers: 8
 Periodic GC: Disabled
Heap:
 garbage-first heap   total 152576K, used 11418K [0x0000000084a00000, 0x0000000100000000)
  region size 1024K, 7 young (7168K), 7 survivors (7168K)
 Metaspace       used 9330K, committed 9536K, reserved 1114112K
  class space    used 1447K, committed 1536K, reserved 1048576K
GC Heap History (19 events):
Event: 0.335 GC heap before
{Heap before GC invocations=0 (full 0):
 garbage-first heap   total 126976K, used 22528K [0x0000000084a00000, 0x0000000100000000)
  region size 1024K, 23 young (23552K), 0 survivors (0K)
 Metaspace       used 2691K, committed 2880K, reserved 1114112K
  class space    used 237K, committed 320K, reserved 1048576K
}
Event: 0.339 GC heap after
{Heap after GC invocations=1 (full 0):
 garbage-first heap   total 126976K, used 4319K [0x0000000084a00000, 0x0000000100000000)
  region size 1024K, 3 young (3072K), 3 survivors (3072K)
 Metaspace       used 2691K, committed 2880K, reserved 1114112K
  class space    used 237K, committed 320K, reserved 1048576K
}
Event: 0.458 GC heap before
{Heap before GC invocations=1 (full 0):
 garbage-first heap   total 126976K, used 37087K [0x0000000084a00000, 0x0000000100000000)
  region size 1024K, 35 young (35840K), 3 survivors (3072K)
 Metaspace       used 2757K, committed 2880K, reserved 1114112K
  class space    used 237K, committed 320K, reserved 1048576K
}
Event: 0.461 GC heap after
{Heap after GC invocations=2 (full 0):
 garbage-first heap   total 126976K, used 4728K [0x0000000084a00000, 0x0000000100000000)
  region size 1024K, 1 young (1024K), 1 survivors (1024K)
 Metaspace       used 2757K, committed 2880K, reserved 1114112K
  class space    used 237K, committed 320K, reserved 1048576K
}
Event: 0.692 GC heap before
{Heap before GC invocations=2 (full 0):
 garbage-first heap   total 126976K, used 79480K [0x0000000084a00000, 0x0000000100000000)
  region size 1024K, 74 young (75776K), 1 survivors (1024K)
 Metaspace       used 2857K, committed 3008K, reserved 1114112K
  class space    used 243K, committed 320K, reserved 1048576K
}
Event: 0.694 GC heap after
{Heap after GC invocations=3 (full 0):
 garbage-first heap   total 126976K, used 5195K [0x0000000084a00000, 0x0000000100000000)
  region size 1024K, 1 young (1024K), 1 survivors (1024K)
 Metaspace       used 2857K, committed 3008K, reserved 1114112K
  class space    used 243K, committed 320K, reserved 1048576K
}
Event: 0.860 GC heap before
{Heap before GC invocations=3 (full 0):
 garbage-first heap   total 126976K, used 79947K [0x0000000084a00000, 0x0000000100000000)
  region size 1024K, 74 young (75776K), 1 survivors (1024K)
 Metaspace       used 2857K, committed 3008K, reserved 1114112K
  class space    used 243K, committed 320K, reserved 1048576K
}
Event: 0.862 GC heap after
{Heap after GC invocations=4 (full 0):
 garbage-first heap   total 126976K, used 5914K [0x0000000084a00000, 0x0000000100000000)
  region size 1024K, 2 young (2048K), 2 survivors (2048K)
 Metaspace       used 2857K, committed 3008K, reserved 1114112K
  class space    used 243K, committed 320K, reserved 1048576K
}
Event: 0.993 GC heap before
{Heap before GC invocations=4 (full 0):
 garbage-first heap   total 126976K, used 79642K [0x0000000084a00000, 0x0000000100000000)
  region size 1024K, 74 young (75776K), 2 survivors (2048K)
 Metaspace       used 2857K, committed 3008K, reserved 1114112K
  class space    used 243K, committed 320K, reserved 1048576K
}
Event: 0.996 GC heap after
{Heap after GC invocations=5 (full 0):
 garbage-first heap   total 126976K, used 6433K [0x0000000084a00000, 0x0000000100000000)
  region size 1024K, 2 young (2048K), 2 survivors (2048K)
 Metaspace       used 2857K, committed 3008K, reserved 1114112K
  class space    used 243K, committed 320K, reserved 1048576K
}
Event: 1.139 GC heap before
{Heap before GC invocations=5 (full 0):
 garbage-first heap   total 126976K, used 80161K [0x0000000084a00000, 0x0000000100000000)
  region size 1024K, 74 young (75776K), 2 survivors (2048K)
 Metaspace       used 2883K, committed 3072K, reserved 1114112K
  class space    used 248K, committed 320K, reserved 1048576K
}
Event: 1.143 GC heap after
{Heap after GC invocations=6 (full 0):
 garbage-first heap   total 152576K, used 7156K [0x0000000084a00000, 0x0000000100000000)
  region size 1024K, 3 young (3072K), 3 survivors (3072K)
 Metaspace       used 2883K, committed 3072K, reserved 1114112K
  class space    used 248K, committed 320K, reserved 1048576K
}
Event: 1.303 GC heap before
{Heap before GC invocations=6 (full 0):
 garbage-first heap   total 152576K, used 95220K [0x0000000084a00000, 0x0000000100000000)
  region size 1024K, 89 young (91136K), 3 survivors (3072K)
 Metaspace       used 2887K, committed 3072K, reserved 1114112K
  class space    used 248K, committed 320K, reserved 1048576K
}
Event: 1.306 GC heap after
{Heap after GC invocations=7 (full 0):
 garbage-first heap   total 152576K, used 7778K [0x0000000084a00000, 0x0000000100000000)
  region size 1024K, 4 young (4096K), 4 survivors (4096K)
 Metaspace       used 2887K, committed 3072K, reserved 1114112K
  class space    used 248K, committed 320K, reserved 1048576K
}
Event: 1.440 GC heap before
{Heap before GC invocations=7 (full 0):
 garbage-first heap   total 152576K, used 94818K [0x0000000084a00000, 0x0000000100000000)
  region size 1024K, 89 young (91136K), 4 survivors (4096K)
 Metaspace       used 2902K, committed 3072K, reserved 1114112K
  class space    used 248K, committed 320K, reserved 1048576K
}
Event: 1.443 GC heap after
{Heap after GC invocations=8 (full 0):
 garbage-first heap   total 152576K, used 8428K [0x0000000084a00000, 0x0000000100000000)
  region size 1024K, 4 young (4096K), 4 survivors (4096K)
 Metaspace       used 2902K, committed 3072K, reserved 1114112K
  class space    used 248K, committed 320K, reserved 1048576K
}
Event: 1.566 GC heap before
{Heap before GC invocations=8 (full 0):
 garbage-first heap   total 152576K, used 95468K [0x0000000084a00000, 0x0000000100000000)
  region size 1024K, 89 young (91136K), 4 survivors (4096K)
 Metaspace       used 2906K, committed 3072K, reserved 1114112K
  class space    used 248K, committed 320K, reserved 1048576K
}
Event: 1.569 GC heap after
{Heap after GC invocations=9 (full 0):
 garbage-first heap   total 152576K, used 9211K [0x0000000084a00000, 0x0000000100000000)
  region size 1024K, 5 young (5120K), 5 survivors (5120K)
 Metaspace       used 2906K, committed 3072K, reserved 1114112K
  class space    used 248K, committed 320K, reserved 1048576K
}
Event: 2.090 GC heap before
{Heap before GC invocations=9 (full 0):
 garbage-first heap   total 152576K, used 95227K [0x0000000084a00000, 0x0000000100000000)
  region size 1024K, 89 young (91136K), 5 survivors (5120K)
 Metaspace       used 9330K, committed 9536K, reserved 1114112K
  class space    used 1447K, committed 1536K, reserved 1048576K
}

